[03:50:40.925] Global cache location '/home/alicelik/.cache/typescript/4.3', safe file path '/home/alicelik/.emacs.d/.local/etc/lsp/npm/typescript/lib/node_modules/typescript/lib/typingSafeList.json', types map path /home/alicelik/.emacs.d/.local/etc/lsp/npm/typescript/lib/node_modules/typescript/lib/typesMap.json
[03:50:40.926] Processing cache location '/home/alicelik/.cache/typescript/4.3'
[03:50:40.926] Trying to find '/home/alicelik/.cache/typescript/4.3/package.json'...
[03:50:40.926] Loaded content of '/home/alicelik/.cache/typescript/4.3/package.json': {"private":true,"dependencies":{"types-registry":"^0.1.550"}}
[03:50:40.926] Loaded content of '/home/alicelik/.cache/typescript/4.3/package-lock.json'
[03:50:40.926] Finished processing cache location '/home/alicelik/.cache/typescript/4.3'
[03:50:40.927] Process id: 3926
[03:50:40.927] NPM location: /usr/bin/npm (explicit '--npmLocation' not  provided)
[03:50:40.927] validateDefaultNpmLocation: false
[03:50:40.927] Npm config file: /home/alicelik/.cache/typescript/4.3/package.json
[03:50:40.927] Updating types-registry npm package...
[03:50:40.927] Exec: /usr/bin/npm install --ignore-scripts types-registry@latest
[03:50:41.515]     Succeeded. stdout:
    
    up to date, audited 2 packages in 520ms

found 0 vulnerabilities

[03:50:41.515] Updated types-registry npm package
[03:50:41.533] Got install request {"projectName":"/dev/null/inferredProject1*","fileNames":["/home/alicelik/.emacs.d/.local/etc/lsp/npm/typescript/lib/node_modules/typescript/lib/lib.es5.d.ts","/home/alicelik/.emacs.d/.local/etc/lsp/npm/typescript/lib/node_modules/typescript/lib/lib.es2015.d.ts","/home/alicelik/.emacs.d/.local/etc/lsp/npm/typescript/lib/node_modules/typescript/lib/lib.es2016.d.ts","/home/alicelik/.emacs.d/.local/etc/lsp/npm/typescript/lib/node_modules/typescript/lib/lib.dom.d.ts","/home/alicelik/.emacs.d/.local/etc/lsp/npm/typescript/lib/node_modules/typescript/lib/lib.dom.iterable.d.ts","/home/alicelik/.emacs.d/.local/etc/lsp/npm/typescript/lib/node_modules/typescript/lib/lib.webworker.importscripts.d.ts","/home/alicelik/.emacs.d/.local/etc/lsp/npm/typescript/lib/node_modules/typescript/lib/lib.scripthost.d.ts","/home/alicelik/.emacs.d/.local/etc/lsp/npm/typescript/lib/node_modules/typescript/lib/lib.es2015.core.d.ts","/home/alicelik/.emacs.d/.local/etc/lsp/npm/typescript/lib/node_modules/typescript/lib/lib.es2015.collection.d.ts","/home/alicelik/.emacs.d/.local/etc/lsp/npm/typescript/lib/node_modules/typescript/lib/lib.es2015.generator.d.ts","/home/alicelik/.emacs.d/.local/etc/lsp/npm/typescript/lib/node_modules/typescript/lib/lib.es2015.iterable.d.ts","/home/alicelik/.emacs.d/.local/etc/lsp/npm/typescript/lib/node_modules/typescript/lib/lib.es2015.promise.d.ts","/home/alicelik/.emacs.d/.local/etc/lsp/npm/typescript/lib/node_modules/typescript/lib/lib.es2015.proxy.d.ts","/home/alicelik/.emacs.d/.local/etc/lsp/npm/typescript/lib/node_modules/typescript/lib/lib.es2015.reflect.d.ts","/home/alicelik/.emacs.d/.local/etc/lsp/npm/typescript/lib/node_modules/typescript/lib/lib.es2015.symbol.d.ts","/home/alicelik/.emacs.d/.local/etc/lsp/npm/typescript/lib/node_modules/typescript/lib/lib.es2015.symbol.wellknown.d.ts","/home/alicelik/.emacs.d/.local/etc/lsp/npm/typescript/lib/node_modules/typescript/lib/lib.es2016.array.include.d.ts","/home/alicelik/.emacs.d/.local/etc/lsp/npm/typescript/lib/node_modules/typescript/lib/lib.es2016.full.d.ts","/home/alicelik/Documents/project-euler/multiples-of-3-and-5.js"],"compilerOptions":{"module":1,"target":3,"jsx":1,"allowJs":true,"allowSyntheticDefaultImports":true,"allowNonTsExtensions":true,"noEmitForJsFiles":true,"maxNodeModuleJsDepth":2},"typeAcquisition":{"enable":true,"include":[],"exclude":[]},"unresolvedImports":[],"projectRootPath":"/home/alicelik/Documents/project-euler","kind":"discover"}
[03:50:41.547] Loaded safelist from types map file '/home/alicelik/.emacs.d/.local/etc/lsp/npm/typescript/lib/node_modules/typescript/lib/typesMap.json'
[03:50:41.548] Explicitly included types: []
[03:50:41.548] Inferred typings from unresolved imports: []
[03:50:41.548] Result: {"cachedTypingPaths":[],"newTypingNames":[],"filesToWatch":["/home/alicelik/Documents/project-euler/bower_components","/home/alicelik/Documents/project-euler/node_modules"]}
[03:50:41.548] Finished typings discovery: {"cachedTypingPaths":[],"newTypingNames":[],"filesToWatch":["/home/alicelik/Documents/project-euler/bower_components","/home/alicelik/Documents/project-euler/node_modules"]}
[03:50:41.548] DirectoryWatcher:: Added:: WatchInfo: /home/alicelik/Documents/project-euler/bower_components
[03:50:41.549] DirectoryWatcher:: Added:: WatchInfo: /home/alicelik/Documents/project-euler/bower_components 1 undefined Project: /dev/null/inferredProject1* watcher already invoked: false
[03:50:41.550] Elapsed:: 0.8831810001283884ms DirectoryWatcher:: Added:: WatchInfo: /home/alicelik/Documents/project-euler/bower_components 1 undefined Project: /dev/null/inferredProject1* watcher already invoked: false
[03:50:41.550] DirectoryWatcher:: Added:: WatchInfo: /home/alicelik/Documents/project-euler/node_modules
[03:50:41.550] DirectoryWatcher:: Added:: WatchInfo: /home/alicelik/Documents/project-euler/node_modules 1 undefined Project: /dev/null/inferredProject1* watcher already invoked: false
[03:50:41.550] Elapsed:: 0.07980899978429079ms DirectoryWatcher:: Added:: WatchInfo: /home/alicelik/Documents/project-euler/node_modules 1 undefined Project: /dev/null/inferredProject1* watcher already invoked: false
[03:50:41.550] Sending response:
    {"projectName":"/dev/null/inferredProject1*","typeAcquisition":{"enable":true,"include":[],"exclude":[]},"compilerOptions":{"module":1,"target":3,"jsx":1,"allowJs":true,"allowSyntheticDefaultImports":true,"allowNonTsExtensions":true,"noEmitForJsFiles":true,"maxNodeModuleJsDepth":2},"typings":[],"unresolvedImports":[],"kind":"action::set"}
[03:50:41.550] Response has been sent.
[03:50:41.550] No new typings were requested as a result of typings discovery
[03:54:38.478] Got install request {"projectName":"/dev/null/inferredProject2*","fileNames":["/home/alicelik/.emacs.d/.local/etc/lsp/npm/typescript/lib/node_modules/typescript/lib/lib.es5.d.ts","/home/alicelik/.emacs.d/.local/etc/lsp/npm/typescript/lib/node_modules/typescript/lib/lib.es2015.d.ts","/home/alicelik/.emacs.d/.local/etc/lsp/npm/typescript/lib/node_modules/typescript/lib/lib.es2016.d.ts","/home/alicelik/.emacs.d/.local/etc/lsp/npm/typescript/lib/node_modules/typescript/lib/lib.dom.d.ts","/home/alicelik/.emacs.d/.local/etc/lsp/npm/typescript/lib/node_modules/typescript/lib/lib.dom.iterable.d.ts","/home/alicelik/.emacs.d/.local/etc/lsp/npm/typescript/lib/node_modules/typescript/lib/lib.webworker.importscripts.d.ts","/home/alicelik/.emacs.d/.local/etc/lsp/npm/typescript/lib/node_modules/typescript/lib/lib.scripthost.d.ts","/home/alicelik/.emacs.d/.local/etc/lsp/npm/typescript/lib/node_modules/typescript/lib/lib.es2015.core.d.ts","/home/alicelik/.emacs.d/.local/etc/lsp/npm/typescript/lib/node_modules/typescript/lib/lib.es2015.collection.d.ts","/home/alicelik/.emacs.d/.local/etc/lsp/npm/typescript/lib/node_modules/typescript/lib/lib.es2015.generator.d.ts","/home/alicelik/.emacs.d/.local/etc/lsp/npm/typescript/lib/node_modules/typescript/lib/lib.es2015.iterable.d.ts","/home/alicelik/.emacs.d/.local/etc/lsp/npm/typescript/lib/node_modules/typescript/lib/lib.es2015.promise.d.ts","/home/alicelik/.emacs.d/.local/etc/lsp/npm/typescript/lib/node_modules/typescript/lib/lib.es2015.proxy.d.ts","/home/alicelik/.emacs.d/.local/etc/lsp/npm/typescript/lib/node_modules/typescript/lib/lib.es2015.reflect.d.ts","/home/alicelik/.emacs.d/.local/etc/lsp/npm/typescript/lib/node_modules/typescript/lib/lib.es2015.symbol.d.ts","/home/alicelik/.emacs.d/.local/etc/lsp/npm/typescript/lib/node_modules/typescript/lib/lib.es2015.symbol.wellknown.d.ts","/home/alicelik/.emacs.d/.local/etc/lsp/npm/typescript/lib/node_modules/typescript/lib/lib.es2016.array.include.d.ts","/home/alicelik/.emacs.d/.local/etc/lsp/npm/typescript/lib/node_modules/typescript/lib/lib.es2016.full.d.ts","/home/alicelik/Documents/project-euler/2-even-fibonacci-numbers.js"],"compilerOptions":{"module":1,"target":3,"jsx":1,"allowJs":true,"allowSyntheticDefaultImports":true,"allowNonTsExtensions":true,"noEmitForJsFiles":true,"maxNodeModuleJsDepth":2},"typeAcquisition":{"enable":true,"include":[],"exclude":[]},"unresolvedImports":[],"projectRootPath":"/home/alicelik/Documents/project-euler","kind":"discover"}
[03:54:38.479] Explicitly included types: []
[03:54:38.480] Inferred typings from unresolved imports: []
[03:54:38.480] Result: {"cachedTypingPaths":[],"newTypingNames":[],"filesToWatch":["/home/alicelik/Documents/project-euler/bower_components","/home/alicelik/Documents/project-euler/node_modules"]}
[03:54:38.480] Finished typings discovery: {"cachedTypingPaths":[],"newTypingNames":[],"filesToWatch":["/home/alicelik/Documents/project-euler/bower_components","/home/alicelik/Documents/project-euler/node_modules"]}
[03:54:38.481] DirectoryWatcher:: Added:: WatchInfo: /home/alicelik/Documents/project-euler/bower_components
[03:54:38.481] DirectoryWatcher:: Added:: WatchInfo: /home/alicelik/Documents/project-euler/bower_components 1 undefined Project: /dev/null/inferredProject2* watcher already invoked: false
[03:54:38.481] Elapsed:: 0.058176999911665916ms DirectoryWatcher:: Added:: WatchInfo: /home/alicelik/Documents/project-euler/bower_components 1 undefined Project: /dev/null/inferredProject2* watcher already invoked: false
[03:54:38.481] DirectoryWatcher:: Added:: WatchInfo: /home/alicelik/Documents/project-euler/node_modules
[03:54:38.481] DirectoryWatcher:: Added:: WatchInfo: /home/alicelik/Documents/project-euler/node_modules 1 undefined Project: /dev/null/inferredProject2* watcher already invoked: false
[03:54:38.481] Elapsed:: 0.037262000143527985ms DirectoryWatcher:: Added:: WatchInfo: /home/alicelik/Documents/project-euler/node_modules 1 undefined Project: /dev/null/inferredProject2* watcher already invoked: false
[03:54:38.482] Sending response:
    {"projectName":"/dev/null/inferredProject2*","typeAcquisition":{"enable":true,"include":[],"exclude":[]},"compilerOptions":{"module":1,"target":3,"jsx":1,"allowJs":true,"allowSyntheticDefaultImports":true,"allowNonTsExtensions":true,"noEmitForJsFiles":true,"maxNodeModuleJsDepth":2},"typings":[],"unresolvedImports":[],"kind":"action::set"}
[03:54:38.482] Response has been sent.
[03:54:38.482] No new typings were requested as a result of typings discovery
